<?xml version="1.0" encoding="UTF-8"?>
<!-- Generated by org.testng.reporters.JUnitReportReporter -->
<testsuite hostname="LAPTOP-OUBTEJMV" failures="0" tests="1" name="testCaseRepo.TC_002" time="31.866" errors="0" timestamp="2025-03-19T11:15:34 IST" skipped="0">
  <testcase classname="testCaseRepo.TC_002" name="LE_002" time="31.866"/>
</testsuite> <!-- testCaseRepo.TC_002 -->
