<?xml version="1.0" encoding="UTF-8"?>
<!-- Generated by org.testng.reporters.JUnitReportReporter -->
<testsuite hostname="LAPTOP-OUBTEJMV" failures="0" tests="2" name="sample.DataProviderPractice" time="18.953" errors="0" timestamp="2025-03-24T09:18:24 IST" skipped="0">
  <testcase classname="sample.DataProviderPractice" name="practice" time="10.661"/>
  <testcase classname="sample.DataProviderPractice" name="practice" time="8.292"/>
</testsuite> <!-- sample.DataProviderPractice -->
