<?xml version="1.0" encoding="UTF-8"?>
<!-- Generated by org.testng.reporters.JUnitReportReporter -->
<testsuite hostname="LAPTOP-OUBTEJMV" failures="0" tests="9" name="sample.TestNGPractice" time="0.048" errors="0" timestamp="2025-03-13T10:39:07 IST" skipped="2">
  <testcase classname="sample.TestNGPractice" name="deleteUser" time="0.022"/>
  <testcase classname="sample.TestNGPractice" name="modifyUser" time="0.009"/>
  <testcase classname="sample.TestNGPractice" name="createUser" time="0.005"/>
  <testcase classname="sample.TestNGPractice" name="createUser" time="0.003"/>
  <testcase classname="sample.TestNGPractice" name="createUser" time="0.001"/>
  <testcase classname="sample.TestNGPractice" name="createUser" time="0.004"/>
  <testcase classname="sample.TestNGPractice" name="createUser" time="0.004"/>
  <testcase classname="sample.TestNGPractice" name="ignoreUser1">
    <skipped/>
  </testcase> <!-- ignoreUser1 -->
  <testcase classname="sample.TestNGPractice" name="ignoreUser3">
    <skipped/>
  </testcase> <!-- ignoreUser3 -->
</testsuite> <!-- sample.TestNGPractice -->
