<?xml version="1.0" encoding="UTF-8"?>
<!-- Generated by org.testng.reporters.JUnitReportReporter -->
<testsuite hostname="LAPTOP-OUBTEJMV" failures="0" tests="1" name="testCaseRepo.TC_001" time="44.876" errors="0" timestamp="2025-03-26T10:26:30 IST" skipped="0">
  <testcase classname="testCaseRepo.TC_001" name="Leads_001" time="44.876"/>
</testsuite> <!-- testCaseRepo.TC_001 -->
