<?xml version="1.0" encoding="UTF-8"?>
<!-- Generated by org.testng.reporters.JUnitReportReporter -->
<testsuite hostname="LAPTOP-OUBTEJMV" failures="0" tests="9" name="sample.TestNGPractice" time="0.013" errors="0" timestamp="2025-03-25T10:32:24 IST" skipped="2">
  <testcase classname="sample.TestNGPractice" name="deleteUser" time="0.004"/>
  <testcase classname="sample.TestNGPractice" name="modifyUser" time="0.004"/>
  <testcase classname="sample.TestNGPractice" name="createUser" time="0.001"/>
  <testcase classname="sample.TestNGPractice" name="createUser" time="0.000"/>
  <testcase classname="sample.TestNGPractice" name="createUser" time="0.001"/>
  <testcase classname="sample.TestNGPractice" name="createUser" time="0.001"/>
  <testcase classname="sample.TestNGPractice" name="createUser" time="0.002"/>
  <testcase classname="sample.TestNGPractice" name="ignoreUser1">
    <skipped/>
  </testcase> <!-- ignoreUser1 -->
  <testcase classname="sample.TestNGPractice" name="ignoreUser3">
    <skipped/>
  </testcase> <!-- ignoreUser3 -->
</testsuite> <!-- sample.TestNGPractice -->
