<?xml version="1.0" encoding="UTF-8"?>
<!-- Generated by org.testng.reporters.JUnitReportReporter -->
<testsuite hostname="LAPTOP-OUBTEJMV" failures="0" tests="1" name="testCaseRepo.TC_002" time="110.480" errors="0" timestamp="2025-03-26T10:26:30 IST" skipped="0">
  <testcase classname="testCaseRepo.TC_002" name="LE_002" time="110.480"/>
</testsuite> <!-- testCaseRepo.TC_002 -->
