<?xml version="1.0" encoding="UTF-8"?>
<!-- Generated by org.testng.reporters.JUnitReportReporter -->
<testsuite hostname="LAPTOP-OUBTEJMV" failures="0" tests="1" name="testCaseRepo.TC_006" time="118.703" errors="0" timestamp="2025-03-26T10:26:30 IST" skipped="0">
  <testcase classname="testCaseRepo.TC_006" name="CON_003" time="118.703"/>
</testsuite> <!-- testCaseRepo.TC_006 -->
